[dotenv@17.2.3] injecting env (2) from .env -- tip: ⚙️  write to custom object with { processEnv: myObject }
EVM Facilitator account: 0x220046E3d6561330D4D8F31b18C35EFEfD93eDd2
Facilitator listening on port 9000
Before verify {
  paymentPayload: {
    x402Version: 2,
    payload: {
      authorization: [Object],
      signature: '0x6b28d4bb1b39be6e2dfabd13595ffd931da46a11df87dfa64c48b3555217695f62a4fb837459f10bc2b1ebab3ada99338d5db430885a6061eaef6543b787a4a01c'
    },
    resource: {
      url: 'http://localhost:4000/weather/current',
      description: 'Get real-time weather snapshot for a specific city',
      mimeType: 'application/json'
    },
    accepted: {
      scheme: 'exact',
      network: 'eip155:84532',
      amount: '1000',
      asset: '0x036CbD53842c5426634e7929541eC2318f3dCF7e',
      payTo: '0x220046E3d6561330D4D8F31b18C35EFEfD93eDd2',
      maxTimeoutSeconds: 300,
      extra: [Object]
    }
  },
  requirements: {
    scheme: 'exact',
    network: 'eip155:84532',
    amount: '1000',
    asset: '0x036CbD53842c5426634e7929541eC2318f3dCF7e',
    payTo: '0x220046E3d6561330D4D8F31b18C35EFEfD93eDd2',
    maxTimeoutSeconds: 300,
    extra: { name: 'USDC', version: '2' }
  }
}
After verify {
  paymentPayload: {
    x402Version: 2,
    payload: {
      authorization: [Object],
      signature: '0x6b28d4bb1b39be6e2dfabd13595ffd931da46a11df87dfa64c48b3555217695f62a4fb837459f10bc2b1ebab3ada99338d5db430885a6061eaef6543b787a4a01c'
    },
    resource: {
      url: 'http://localhost:4000/weather/current',
      description: 'Get real-time weather snapshot for a specific city',
      mimeType: 'application/json'
    },
    accepted: {
      scheme: 'exact',
      network: 'eip155:84532',
      amount: '1000',
      asset: '0x036CbD53842c5426634e7929541eC2318f3dCF7e',
      payTo: '0x220046E3d6561330D4D8F31b18C35EFEfD93eDd2',
      maxTimeoutSeconds: 300,
      extra: [Object]
    }
  },
  requirements: {
    scheme: 'exact',
    network: 'eip155:84532',
    amount: '1000',
    asset: '0x036CbD53842c5426634e7929541eC2318f3dCF7e',
    payTo: '0x220046E3d6561330D4D8F31b18C35EFEfD93eDd2',
    maxTimeoutSeconds: 300,
    extra: { name: 'USDC', version: '2' }
  },
  result: {
    isValid: true,
    invalidReason: undefined,
    payer: '0x88c45377C7653a3B5e42685cB74835f669D9A546'
  }
}
Before settle {
  paymentPayload: {
    x402Version: 2,
    payload: {
      authorization: [Object],
      signature: '0x6b28d4bb1b39be6e2dfabd13595ffd931da46a11df87dfa64c48b3555217695f62a4fb837459f10bc2b1ebab3ada99338d5db430885a6061eaef6543b787a4a01c'
    },
    resource: {
      url: 'http://localhost:4000/weather/current',
      description: 'Get real-time weather snapshot for a specific city',
      mimeType: 'application/json'
    },
    accepted: {
      scheme: 'exact',
      network: 'eip155:84532',
      amount: '1000',
      asset: '0x036CbD53842c5426634e7929541eC2318f3dCF7e',
      payTo: '0x220046E3d6561330D4D8F31b18C35EFEfD93eDd2',
      maxTimeoutSeconds: 300,
      extra: [Object]
    }
  },
  requirements: {
    scheme: 'exact',
    network: 'eip155:84532',
    amount: '1000',
    asset: '0x036CbD53842c5426634e7929541eC2318f3dCF7e',
    payTo: '0x220046E3d6561330D4D8F31b18C35EFEfD93eDd2',
    maxTimeoutSeconds: 300,
    extra: { name: 'USDC', version: '2' }
  }
}
After settle {
  paymentPayload: {
    x402Version: 2,
    payload: {
      authorization: [Object],
      signature: '0x6b28d4bb1b39be6e2dfabd13595ffd931da46a11df87dfa64c48b3555217695f62a4fb837459f10bc2b1ebab3ada99338d5db430885a6061eaef6543b787a4a01c'
    },
    resource: {
      url: 'http://localhost:4000/weather/current',
      description: 'Get real-time weather snapshot for a specific city',
      mimeType: 'application/json'
    },
    accepted: {
      scheme: 'exact',
      network: 'eip155:84532',
      amount: '1000',
      asset: '0x036CbD53842c5426634e7929541eC2318f3dCF7e',
      payTo: '0x220046E3d6561330D4D8F31b18C35EFEfD93eDd2',
      maxTimeoutSeconds: 300,
      extra: [Object]
    }
  },
  requirements: {
    scheme: 'exact',
    network: 'eip155:84532',
    amount: '1000',
    asset: '0x036CbD53842c5426634e7929541eC2318f3dCF7e',
    payTo: '0x220046E3d6561330D4D8F31b18C35EFEfD93eDd2',
    maxTimeoutSeconds: 300,
    extra: { name: 'USDC', version: '2' }
  },
  result: {
    success: true,
    transaction: '0x5814325a74a9d30957ba7dc221957dd0a8088ee10bac957bbd70c598040d44b9',
    network: 'eip155:84532',
    payer: '0x88c45377C7653a3B5e42685cB74835f669D9A546'
  }
}
